<?xml version="1.0" encoding="UTF-8"?>
<testsuites name="jest tests" tests="24" failures="0" errors="0" time="16.33">
  <testsuite name="deleteAllClinics" errors="0" failures="0" skipped="0" timestamp="2023-12-11T21:29:57" time="11.876" tests="1">
    <testcase classname="deleteAllClinics should throw MessageException with code 500 for database error" name="deleteAllClinics should throw MessageException with code 500 for database error" time="0.078">
    </testcase>
  </testsuite>
  <testsuite name="deleteClinic" errors="0" failures="0" skipped="0" timestamp="2023-12-11T21:29:57" time="12.274" tests="2">
    <testcase classname="deleteClinic should return Not found. Clinic does not exist." name="deleteClinic should return Not found. Clinic does not exist." time="0.283">
    </testcase>
    <testcase classname="deleteClinic should delete the clinic if all conditions are met." name="deleteClinic should delete the clinic if all conditions are met." time="0.002">
    </testcase>
  </testsuite>
  <testsuite name="getClinic" errors="0" failures="0" skipped="0" timestamp="2023-12-11T21:29:57" time="12.583" tests="2">
    <testcase classname="getClinic should return Not found. Clinic does not exist." name="getClinic should return Not found. Clinic does not exist." time="0.104">
    </testcase>
    <testcase classname="getClinic should return Not found. Clinic does not exists." name="getClinic should return Not found. Clinic does not exists." time="0.066">
    </testcase>
  </testsuite>
  <testsuite name="bookSlot" errors="0" failures="0" skipped="0" timestamp="2023-12-11T21:29:57" time="12.538" tests="1">
    <testcase classname="bookSlot should throw slot not found for update" name="bookSlot should throw slot not found for update" time="0.142">
    </testcase>
  </testsuite>
  <testsuite name="getAllClinic" errors="0" failures="0" skipped="0" timestamp="2023-12-11T21:29:57" time="12.616" tests="2">
    <testcase classname="getAllClinic should return all clinics when clinics are found" name="getAllClinic should return all clinics when clinics are found" time="0.066">
    </testcase>
    <testcase classname="getAllClinic should throw Failed to find clinics" name="getAllClinic should throw Failed to find clinics" time="0.052">
    </testcase>
  </testsuite>
  <testsuite name="createSlot" errors="0" failures="0" skipped="0" timestamp="2023-12-11T21:29:57" time="12.822" tests="3">
    <testcase classname="createSlot should throw Forbidden exception if user is not a dentist" name="createSlot should throw Forbidden exception if user is not a dentist" time="0.118">
    </testcase>
    <testcase classname="createSlot should throw To be able to create a slot, you have to be assigned to a clinic" name="createSlot should throw To be able to create a slot, you have to be assigned to a clinic" time="0.007">
    </testcase>
    <testcase classname="createSlot should throw slot already exists for that time" name="createSlot should throw slot already exists for that time" time="0.004">
    </testcase>
  </testsuite>
  <testsuite name="updateClinic" errors="0" failures="0" skipped="0" timestamp="2023-12-11T21:29:57" time="12.999" tests="3">
    <testcase classname="updateClinic should return Input missing data, All input fields are required to be filled." name="updateClinic should return Input missing data, All input fields are required to be filled." time="0.138">
    </testcase>
    <testcase classname="updateClinic should return Forbidden. Only admins can perform this action." name="updateClinic should return Forbidden. Only admins can perform this action." time="0.004">
    </testcase>
    <testcase classname="updateClinic should return Not found. Clinic not found" name="updateClinic should return Not found. Clinic not found" time="0.007">
    </testcase>
  </testsuite>
  <testsuite name="deleteSlot" errors="0" failures="0" skipped="0" timestamp="2023-12-11T21:30:09" time="2.615" tests="1">
    <testcase classname="deleteSlot should throw invalid id" name="deleteSlot should throw invalid id" time="0.095">
    </testcase>
  </testsuite>
  <testsuite name="unbookSlot" errors="0" failures="0" skipped="0" timestamp="2023-12-11T21:30:09" time="2.361" tests="1">
    <testcase classname="unbookSlot should throw slot not found for update" name="unbookSlot should throw slot not found for update" time="0.036">
    </testcase>
  </testsuite>
  <testsuite name="getSlot" errors="0" failures="0" skipped="0" timestamp="2023-12-11T21:30:09" time="2.236" tests="2">
    <testcase classname="getSlot should return the slot if found" name="getSlot should return the slot if found" time="0.012">
    </testcase>
    <testcase classname="getSlot should throw Invalid slot ID" name="getSlot should throw Invalid slot ID" time="0.036">
    </testcase>
  </testsuite>
  <testsuite name="createCLinic" errors="0" failures="0" skipped="0" timestamp="2023-12-11T21:30:09" time="2.273" tests="2">
    <testcase classname="createCLinic should throw Input missing, All input fields are required to be filled." name="createCLinic should throw Input missing, All input fields are required to be filled." time="0.06">
    </testcase>
    <testcase classname="createCLinic should throw Clinic already exists" name="createCLinic should throw Clinic already exists" time="0.004">
    </testcase>
  </testsuite>
  <testsuite name="updateSlot" errors="0" failures="0" skipped="0" timestamp="2023-12-11T21:30:09" time="2.36" tests="4">
    <testcase classname="updateSlot should return Forbidden. Only admins can perform this action." name="updateSlot should return Forbidden. Only admins can perform this action." time="0.069">
    </testcase>
    <testcase classname="updateSlot should return slot not found" name="updateSlot should return slot not found" time="0.054">
    </testcase>
    <testcase classname="updateSlot should return Input missing data, All input fields are required to be filled." name="updateSlot should return Input missing data, All input fields are required to be filled." time="0.01">
    </testcase>
    <testcase classname="updateSlot should return Failed to update slot" name="updateSlot should return Failed to update slot" time="0.004">
    </testcase>
  </testsuite>
</testsuites>